<?xml version="1.0" encoding="UTF-8"?>
<testsuite xmlns:xsi="http://www.w3.org/2001/XMLSchema-instance" xsi:noNamespaceSchemaLocation="https://maven.apache.org/surefire/maven-surefire-plugin/xsd/surefire-test-report-3.0.xsd" version="3.0" name="model.ScheduleModelTest" time="0.159" tests="3" errors="0" skipped="0" failures="0">
  <properties>
    <property name="java.specification.version" value="21"/>
    <property name="sun.cpu.isalist" value="amd64"/>
    <property name="sun.jnu.encoding" value="MS949"/>
    <property name="java.class.path" value="C:\Users\rbcks\3.1\SoftwareEngineering\Project\SW-PJ-1Team\ServerApp\target\test-classes;C:\Users\rbcks\3.1\SoftwareEngineering\Project\SW-PJ-1Team\ServerApp\target\classes;C:\Users\rbcks\.m2\repository\org\junit\jupiter\junit-jupiter-api\5.10.2\junit-jupiter-api-5.10.2.jar;C:\Users\rbcks\.m2\repository\org\opentest4j\opentest4j\1.3.0\opentest4j-1.3.0.jar;C:\Users\rbcks\.m2\repository\org\junit\platform\junit-platform-commons\1.10.2\junit-platform-commons-1.10.2.jar;C:\Users\rbcks\.m2\repository\org\apiguardian\apiguardian-api\1.1.2\apiguardian-api-1.1.2.jar;C:\Users\rbcks\.m2\repository\org\junit\jupiter\junit-jupiter-params\5.10.2\junit-jupiter-params-5.10.2.jar;C:\Users\rbcks\.m2\repository\org\junit\jupiter\junit-jupiter-engine\5.10.2\junit-jupiter-engine-5.10.2.jar;C:\Users\rbcks\.m2\repository\org\junit\platform\junit-platform-engine\1.10.2\junit-platform-engine-1.10.2.jar;"/>
    <property name="java.vm.vendor" value="Azul Systems, Inc."/>
    <property name="sun.arch.data.model" value="64"/>
    <property name="user.variant" value=""/>
    <property name="java.vendor.url" value="http://www.azul.com/"/>
    <property name="user.timezone" value="Asia/Seoul"/>
    <property name="os.name" value="Windows 11"/>
    <property name="java.vm.specification.version" value="21"/>
    <property name="user.country" value="KR"/>
    <property name="sun.java.launcher" value="SUN_STANDARD"/>
    <property name="sun.boot.library.path" value="C:\jdk_related\zulu21.36.17-ca-fx-jdk21.0.4-win_x64\bin"/>
    <property name="sun.java.command" value="C:\Users\rbcks\AppData\Local\Temp\surefire10502078464953210674\surefirebooter-20250530021850967_3.jar C:\Users\rbcks\AppData\Local\Temp\surefire10502078464953210674 2025-05-30T02-18-50_834-jvmRun1 surefire-20250530021850967_1tmp surefire_0-20250530021850967_2tmp"/>
    <property name="jdk.debug" value="release"/>
    <property name="test" value="model.ScheduleModelTest"/>
    <property name="surefire.test.class.path" value="C:\Users\rbcks\3.1\SoftwareEngineering\Project\SW-PJ-1Team\ServerApp\target\test-classes;C:\Users\rbcks\3.1\SoftwareEngineering\Project\SW-PJ-1Team\ServerApp\target\classes;C:\Users\rbcks\.m2\repository\org\junit\jupiter\junit-jupiter-api\5.10.2\junit-jupiter-api-5.10.2.jar;C:\Users\rbcks\.m2\repository\org\opentest4j\opentest4j\1.3.0\opentest4j-1.3.0.jar;C:\Users\rbcks\.m2\repository\org\junit\platform\junit-platform-commons\1.10.2\junit-platform-commons-1.10.2.jar;C:\Users\rbcks\.m2\repository\org\apiguardian\apiguardian-api\1.1.2\apiguardian-api-1.1.2.jar;C:\Users\rbcks\.m2\repository\org\junit\jupiter\junit-jupiter-params\5.10.2\junit-jupiter-params-5.10.2.jar;C:\Users\rbcks\.m2\repository\org\junit\jupiter\junit-jupiter-engine\5.10.2\junit-jupiter-engine-5.10.2.jar;C:\Users\rbcks\.m2\repository\org\junit\platform\junit-platform-engine\1.10.2\junit-platform-engine-1.10.2.jar;"/>
    <property name="sun.cpu.endian" value="little"/>
    <property name="user.home" value="C:\Users\rbcks"/>
    <property name="user.language" value="ko"/>
    <property name="java.specification.vendor" value="Oracle Corporation"/>
    <property name="java.version.date" value="2024-07-16"/>
    <property name="java.home" value="C:\jdk_related\zulu21.36.17-ca-fx-jdk21.0.4-win_x64"/>
    <property name="file.separator" value="\"/>
    <property name="basedir" value="C:\Users\rbcks\3.1\SoftwareEngineering\Project\SW-PJ-1Team\ServerApp"/>
    <property name="java.vm.compressedOopsMode" value="Zero based"/>
    <property name="line.separator" value="&#10;"/>
    <property name="java.vm.specification.vendor" value="Oracle Corporation"/>
    <property name="java.specification.name" value="Java Platform API Specification"/>
    <property name="surefire.real.class.path" value="C:\Users\rbcks\AppData\Local\Temp\surefire10502078464953210674\surefirebooter-20250530021850967_3.jar"/>
    <property name="user.script" value=""/>
    <property name="sun.management.compiler" value="HotSpot 64-Bit Tiered Compilers"/>
    <property name="java.runtime.version" value="21.0.4+7-LTS"/>
    <property name="user.name" value="rbcks"/>
    <property name="stdout.encoding" value="MS949"/>
    <property name="path.separator" value=";"/>
    <property name="os.version" value="10.0"/>
    <property name="java.runtime.name" value="OpenJDK Runtime Environment"/>
    <property name="file.encoding" value="UTF-8"/>
    <property name="java.vm.name" value="OpenJDK 64-Bit Server VM"/>
    <property name="java.vendor.version" value="Zulu21.36+17-CA"/>
    <property name="maven.ext.class.path" value="C:\jdk_related\netbeans-22\java\maven-nblib\netbeans-eventspy.jar"/>
    <property name="localRepository" value="C:\Users\rbcks\.m2\repository"/>
    <property name="java.vendor.url.bug" value="http://www.azul.com/support/"/>
    <property name="java.io.tmpdir" value="C:\Users\rbcks\AppData\Local\Temp\"/>
    <property name="java.version" value="21.0.4"/>
    <property name="user.dir" value="C:\Users\rbcks\3.1\SoftwareEngineering\Project\SW-PJ-1Team\ServerApp"/>
    <property name="os.arch" value="amd64"/>
    <property name="java.vm.specification.name" value="Java Virtual Machine Specification"/>
    <property name="sun.os.patch.level" value=""/>
    <property name="native.encoding" value="MS949"/>
    <property name="java.library.path" value="C:\jdk_related\zulu21.36.17-ca-fx-jdk21.0.4-win_x64\bin;C:\WINDOWS\Sun\Java\bin;C:\WINDOWS\system32;C:\WINDOWS;C:\Program Files\Common Files\Oracle\Java\javapath;C:\WINDOWS\system32;C:\WINDOWS;C:\WINDOWS\System32\Wbem;C:\WINDOWS\System32\WindowsPowerShell\v1.0\;C:\WINDOWS\System32\OpenSSH\;C:\mingw64\bin;C:\Program Files\Git\cmd;C:\Program Files\PuTTY\;C:\Users\rbcks\AppData\Local\Microsoft\WindowsApps;C:\Users\rbcks\AppData\Local\GitHubDesktop\bin;C:\Program Files\Java\jdk-21\bin;C:\Users\rbcks\AppData\Local\Programs\Microsoft VS Code\bin;."/>
    <property name="java.vm.info" value="mixed mode, sharing"/>
    <property name="stderr.encoding" value="MS949"/>
    <property name="java.vendor" value="Azul Systems, Inc."/>
    <property name="java.vm.version" value="21.0.4+7-LTS"/>
    <property name="sun.io.unicode.encoding" value="UnicodeLittle"/>
    <property name="java.class.version" value="65.0"/>
  </properties>
  <testcase name="testDeleteRemovesScheduleEntry" classname="model.ScheduleModelTest" time="0.095">
    <system-err><![CDATA[=== 삭제 후 스케줄 ===
common.ScheduleEntry@7c6908d7
===================
]]></system-err>
  </testcase>
  <testcase name="testCreateAddsNewScheduleEntry" classname="model.ScheduleModelTest" time="0.01">
    <system-err><![CDATA[=== 항목 추가 후 스케줄 ===
common.ScheduleEntry@3c3d9b6b
common.ScheduleEntry@79d8407f
common.ScheduleEntry@5fbe4146
========================
]]></system-err>
  </testcase>
  <testcase name="testListAllLoadsSchedule" classname="model.ScheduleModelTest" time="0.024">
    <system-err><![CDATA[=== 전체 스케줄 목록 ===
WEDNESDAY 16:00~16:50  동계캡스톤 / 이규찬교수님
THURSDAY 13:00~14:15  데이터베이스 / 김민지교수님
=======================
]]></system-err>
  </testcase>
</testsuite>